2025-06-07 23:11:58,931 - utils - INFO - 启动 Stable Diffusion 图片生成器
2025-06-07 23:11:58,931 - utils - INFO - 检查依赖...
2025-06-07 23:11:58,970 - utils - INFO - 系统信息: Windows-10-10.0.19045-SP0
2025-06-07 23:11:58,970 - utils - INFO - Python版本: 3.8.10
2025-06-07 23:11:58,970 - utils - INFO - CUDA可用: False
2025-06-07 23:11:58,970 - utils - INFO - 启动图形界面...
2025-06-07 23:12:00,053 - utils - INFO - 正在检测设备...
2025-06-07 23:12:00,054 - utils - INFO - 使用设备: cpu
2025-06-07 23:12:00,055 - utils - INFO - 正在加载模型: runwayml/stable-diffusion-v1-5
2025-06-07 23:12:21,115 - utils - INFO - 模型加载失败: Cannot load model runwayml/stable-diffusion-v1-5: model is not cached locally and an error occurred while trying to fetch metadata from the Hub. Please check out the root cause in the stacktrace above.
2025-06-07 23:12:21,125 - utils - ERROR - 模型加载失败: Cannot load model runwayml/stable-diffusion-v1-5: model is not cached locally and an error occurred while trying to fetch metadata from the Hub. Please check out the root cause in the stacktrace above.
2025-06-07 23:16:55,298 - utils - INFO - 启动 Stable Diffusion 图片生成器
2025-06-07 23:16:55,298 - utils - INFO - 检查依赖...
2025-06-07 23:16:55,335 - utils - INFO - 系统信息: Windows-10-10.0.19045-SP0
2025-06-07 23:16:55,335 - utils - INFO - Python版本: 3.8.10
2025-06-07 23:16:55,335 - utils - INFO - CUDA可用: False
2025-06-07 23:16:55,335 - utils - INFO - 启动图形界面...
2025-06-07 23:16:56,400 - utils - INFO - 正在检测设备...
2025-06-07 23:16:56,401 - utils - INFO - 使用设备: cpu
2025-06-07 23:16:56,402 - utils - INFO - 正在加载模型: runwayml/stable-diffusion-v1-5
2025-06-07 23:16:56,412 - utils - INFO - 模型加载失败: Cannot load model runwayml/stable-diffusion-v1-5: model is not cached locally and an error occurred while trying to fetch metadata from the Hub. Please check out the root cause in the stacktrace above.
2025-06-07 23:16:56,421 - utils - ERROR - 模型加载失败: Cannot load model runwayml/stable-diffusion-v1-5: model is not cached locally and an error occurred while trying to fetch metadata from the Hub. Please check out the root cause in the stacktrace above.
2025-06-07 23:18:22,721 - utils - INFO - 模型已卸载
2025-06-07 23:18:22,753 - utils - INFO - 应用程序正常退出
2025-06-07 23:29:45,243 - utils - INFO - 启动 Stable Diffusion 图片生成器
2025-06-07 23:29:45,243 - utils - INFO - 检查依赖...
2025-06-07 23:29:45,282 - utils - INFO - 系统信息: Windows-10-10.0.19045-SP0
2025-06-07 23:29:45,283 - utils - INFO - Python版本: 3.8.10
2025-06-07 23:29:45,283 - utils - INFO - CUDA可用: False
2025-06-07 23:29:45,283 - utils - INFO - 启动图形界面...
2025-06-07 23:29:46,354 - utils - INFO - 正在检测设备...
2025-06-07 23:29:46,356 - utils - INFO - 使用设备: cpu
2025-06-07 23:29:46,356 - utils - INFO - 正在检查模型: stabilityai/stable-diffusion-3.5-large
2025-06-07 23:29:46,358 - utils - INFO - 正在检查网络连接...
2025-06-07 23:29:46,367 - utils - INFO - 网络连接失败，请检查网络设置
2025-06-07 23:31:20,435 - utils - INFO - 启动 Stable Diffusion 图片生成器
2025-06-07 23:31:20,435 - utils - INFO - 检查依赖...
2025-06-07 23:31:20,474 - utils - INFO - 系统信息: Windows-10-10.0.19045-SP0
2025-06-07 23:31:20,474 - utils - INFO - Python版本: 3.8.10
2025-06-07 23:31:20,474 - utils - INFO - CUDA可用: False
2025-06-07 23:31:20,474 - utils - INFO - 启动图形界面...
2025-06-07 23:31:21,540 - utils - INFO - 正在检测设备...
2025-06-07 23:31:21,541 - utils - INFO - 使用设备: cpu
2025-06-07 23:31:21,542 - utils - INFO - 正在检查模型: stabilityai/stable-diffusion-3.5-large
2025-06-07 23:31:21,543 - utils - INFO - 正在检查网络连接...
2025-06-07 23:31:21,694 - utils - INFO - 网络连接失败，请检查网络设置
2025-06-07 23:37:35,661 - utils - INFO - 模型已卸载
2025-06-07 23:37:35,684 - utils - INFO - 应用程序正常退出
2025-06-07 23:39:35,720 - utils - INFO - 启动 Stable Diffusion 图片生成器
2025-06-07 23:39:35,720 - utils - INFO - 检查依赖...
2025-06-07 23:39:35,759 - utils - INFO - 系统信息: Windows-10-10.0.19045-SP0
2025-06-07 23:39:35,759 - utils - INFO - Python版本: 3.8.10
2025-06-07 23:39:35,759 - utils - INFO - CUDA可用: False
2025-06-07 23:39:35,759 - utils - INFO - 启动图形界面...
2025-06-07 23:39:36,828 - utils - INFO - 正在检测设备...
2025-06-07 23:39:36,829 - utils - INFO - 使用设备: cpu
2025-06-07 23:39:36,830 - utils - INFO - 正在检查模型: stabilityai/stable-diffusion-3.5-large
2025-06-07 23:39:36,831 - utils - INFO - 正在检查网络连接...
2025-06-07 23:39:46,848 - utils - INFO - 网络连接失败，请检查网络设置
2025-06-07 23:39:53,802 - utils - INFO - 模型已卸载
2025-06-07 23:39:53,826 - utils - INFO - 应用程序正常退出
2025-06-07 23:43:54,029 - utils - INFO - 启动 Stable Diffusion 图片生成器
2025-06-07 23:43:54,029 - utils - INFO - 检查依赖...
2025-06-07 23:43:54,069 - utils - INFO - 系统信息: Windows-10-10.0.19045-SP0
2025-06-07 23:43:54,069 - utils - INFO - Python版本: 3.8.10
2025-06-07 23:43:54,069 - utils - INFO - CUDA可用: False
2025-06-07 23:43:54,069 - utils - INFO - 启动图形界面...
2025-06-07 23:43:55,136 - utils - INFO - 正在检测设备...
2025-06-07 23:43:55,137 - utils - INFO - 使用设备: cpu
2025-06-07 23:43:55,138 - utils - INFO - 正在检查模型: stabilityai/stable-diffusion-3.5-large
2025-06-07 23:43:55,138 - utils - INFO - 正在检查网络连接...
2025-06-07 23:44:05,162 - utils - INFO - 网络连接失败，请检查网络设置
2025-06-07 23:44:18,201 - utils - INFO - 正在检测设备...
2025-06-07 23:44:18,202 - utils - INFO - 使用设备: cpu
2025-06-07 23:44:18,203 - utils - INFO - 正在检查模型: stabilityai/stable-diffusion-3.5-large
2025-06-07 23:44:18,205 - utils - INFO - 正在检查网络连接...
2025-06-07 23:44:28,221 - utils - INFO - 网络连接失败，请检查网络设置
2025-06-07 23:44:53,843 - utils - INFO - 模型已卸载
2025-06-07 23:44:53,862 - utils - INFO - 应用程序正常退出
2025-06-07 23:52:23,746 - utils - INFO - 正在检测设备...
2025-06-07 23:52:23,746 - utils - INFO - 使用设备: cpu
2025-06-07 23:52:23,746 - utils - INFO - 正在检查模型: stabilityai/stable-diffusion-3.5-large
2025-06-07 23:52:23,747 - utils - INFO - 正在检查网络连接...
2025-06-07 23:52:40,763 - utils - INFO - 正在检测设备...
2025-06-07 23:52:40,763 - utils - INFO - 使用设备: cpu
2025-06-07 23:52:40,763 - utils - INFO - 正在检查模型: stabilityai/stable-diffusion-3.5-large
2025-06-07 23:52:40,764 - utils - INFO - 正在检查网络连接...
2025-06-07 23:52:50,772 - utils - INFO - 网络连接失败，请检查网络设置
2025-06-07 23:53:02,231 - utils - INFO - 模型已卸载
2025-06-08 00:09:07,593 - utils - INFO - 正在检测设备...
2025-06-08 00:09:07,593 - utils - INFO - 使用设备: cpu
2025-06-08 00:09:07,593 - utils - INFO - 正在检查模型: stabilityai/stable-diffusion-3.5-large
2025-06-08 00:09:07,594 - utils - INFO - 正在检查网络连接...
2025-06-08 00:09:17,621 - utils - INFO - 网络连接失败，请检查网络设置
2025-06-08 00:09:37,244 - utils - INFO - 正在检测设备...
2025-06-08 00:09:37,244 - utils - INFO - 使用设备: cpu
2025-06-08 00:09:37,245 - utils - INFO - 正在检查模型: stabilityai/stable-diffusion-3.5-large
2025-06-08 00:09:37,245 - utils - INFO - 正在检查网络连接...
2025-06-08 00:09:47,265 - utils - INFO - 网络连接失败，请检查网络设置
2025-06-08 11:12:14,243 - utils - INFO - 模型已卸载
2025-06-08 11:12:24,684 - utils - INFO - 正在检测设备...
2025-06-08 11:12:24,684 - utils - INFO - 使用设备: cpu
2025-06-08 11:12:24,685 - utils - INFO - 正在检查模型: stabilityai/stable-diffusion-3.5-large
2025-06-08 11:12:24,685 - utils - INFO - 正在检查网络连接...
2025-06-08 11:12:34,709 - utils - INFO - 网络连接失败，请检查网络设置
2025-06-08 11:20:05,642 - utils - INFO - 正在检测设备...
2025-06-08 11:20:05,642 - utils - INFO - 使用设备: cpu
2025-06-08 11:20:05,642 - utils - INFO - 正在检查模型: E:/workspace/test/sd/models
2025-06-08 11:20:05,642 - utils - INFO - 正在加载本地模型: E:/workspace/test/sd/models
2025-06-08 11:20:05,642 - utils - INFO - 加载模型目录...
2025-06-08 11:20:05,643 - utils - INFO - 本地模型加载失败: Error no file named model_index.json found in directory E:\workspace\test\sd\models.
2025-06-08 11:20:05,643 - utils - ERROR - 本地模型加载失败: Error no file named model_index.json found in directory E:\workspace\test\sd\models.
2025-06-08 11:23:24,921 - utils - INFO - 正在检测设备...
2025-06-08 11:23:24,921 - utils - INFO - 使用设备: cpu
2025-06-08 11:23:24,921 - utils - INFO - 正在检查模型: C:/Users/Administrator/.sd_generator/models
2025-06-08 11:23:24,921 - utils - INFO - 正在加载本地模型: C:/Users/Administrator/.sd_generator/models
2025-06-08 11:23:24,921 - utils - INFO - 加载模型目录...
2025-06-08 11:23:24,922 - utils - INFO - 本地模型加载失败: Error no file named model_index.json found in directory C:\Users\Administrator\.sd_generator\models.
2025-06-08 11:23:24,922 - utils - ERROR - 本地模型加载失败: Error no file named model_index.json found in directory C:\Users\Administrator\.sd_generator\models.
2025-06-08 11:23:40,666 - utils - INFO - 正在检测设备...
2025-06-08 11:23:40,666 - utils - INFO - 使用设备: cpu
2025-06-08 11:23:40,666 - utils - INFO - 正在检查模型: C:/Users/Administrator/.sd_generator/models
2025-06-08 11:23:40,666 - utils - INFO - 正在加载本地模型: C:/Users/Administrator/.sd_generator/models
2025-06-08 11:23:40,666 - utils - INFO - 加载模型目录...
2025-06-08 11:23:40,667 - utils - INFO - 本地模型加载失败: Error no file named model_index.json found in directory C:\Users\Administrator\.sd_generator\models.
2025-06-08 11:23:40,667 - utils - ERROR - 本地模型加载失败: Error no file named model_index.json found in directory C:\Users\Administrator\.sd_generator\models.
2025-06-08 11:28:27,995 - utils - INFO - 正在检测设备...
2025-06-08 11:28:27,995 - utils - INFO - 使用设备: cpu
2025-06-08 11:28:27,995 - utils - INFO - 正在检查模型: C:/Users/Administrator/.sd_generator/models
2025-06-08 11:28:27,995 - utils - INFO - 正在加载本地模型: C:/Users/Administrator/.sd_generator/models
2025-06-08 11:28:27,995 - utils - INFO - 加载模型目录: models
2025-06-08 11:28:27,996 - utils - INFO - 本地模型加载失败: Error no file named model_index.json found in directory C:\Users\Administrator\.sd_generator\models.
2025-06-08 11:28:27,996 - utils - ERROR - 本地模型加载失败: Error no file named model_index.json found in directory C:\Users\Administrator\.sd_generator\models.
2025-06-08 11:37:18,165 - utils - INFO - 正在检测设备...
2025-06-08 11:37:18,166 - utils - INFO - 使用设备: cpu
2025-06-08 11:37:18,168 - utils - INFO - 正在检查模型: C:/Users/Administrator/.sd_generator/models/sd3.5_large.safetensors
2025-06-08 11:37:18,168 - utils - INFO - 正在检测本地模型...
2025-06-08 11:37:18,168 - utils - INFO - 检测到模型文件: sd3.5_large.safetensors
2025-06-08 11:37:18,168 - utils - INFO - 检测到SafeTensors格式，准备加载...
2025-06-08 11:37:18,168 - utils - INFO - 初始化模型pipeline...
2025-06-08 11:37:18,175 - utils - INFO - 尝试使用Stable Diffusion 3加载...
2025-06-08 11:37:18,176 - utils - INFO - Stable Diffusion 3加载失败: Error no file named model_index.json found in directory C:\Users\Administrator\.sd_generator\models....
2025-06-08 11:37:18,176 - utils - INFO - 尝试使用Stable Diffusion XL加载...
2025-06-08 11:37:18,176 - utils - INFO - Stable Diffusion XL加载失败: Error no file named model_index.json found in directory C:\Users\Administrator\.sd_generator\models....
2025-06-08 11:37:18,177 - utils - INFO - 尝试使用Stable Diffusion 1.5/2.x加载...
2025-06-08 11:37:18,177 - utils - INFO - Stable Diffusion 1.5/2.x加载失败: Error no file named model_index.json found in directory C:\Users\Administrator\.sd_generator\models....
2025-06-08 11:37:18,177 - utils - INFO - 所有pipeline加载失败，最后错误: Error no file named model_index.json found in directory C:\Users\Administrator\.sd_generator\models.
2025-06-08 11:37:18,178 - utils - ERROR - 所有pipeline加载失败，最后错误: Error no file named model_index.json found in directory C:\Users\Administrator\.sd_generator\models.
2025-06-08 11:44:40,101 - utils - INFO - 模型已卸载
2025-06-08 11:44:42,741 - utils - INFO - 正在检测设备...
2025-06-08 11:44:42,742 - utils - INFO - 使用设备: cpu
2025-06-08 11:44:42,743 - utils - INFO - 正在检查模型: C:/Users/Administrator/.sd_generator/models/sd3.5_large.safetensors
2025-06-08 11:44:42,743 - utils - INFO - 正在检测本地模型...
2025-06-08 11:44:42,744 - utils - INFO - 检测到模型文件: sd3.5_large.safetensors
2025-06-08 11:44:42,744 - utils - INFO - 检测到SafeTensors格式，尝试单文件加载...
2025-06-08 11:44:42,744 - utils - INFO - 正在加载SafeTensors文件: sd3.5_large.safetensors
2025-06-08 11:44:42,744 - utils - INFO - 尝试直接从SafeTensors文件加载...
2025-06-08 11:44:42,746 - utils - INFO - 模型文件大小: 15.33 GB
2025-06-08 11:44:42,747 - utils - INFO - 大型模型，尝试使用SD3 pipeline...
2025-06-08 11:44:42,747 - utils - INFO - 未发现配置文件，尝试使用默认配置...
2025-06-08 11:44:42,747 - utils - INFO - 创建临时配置文件...
2025-06-08 11:44:47,394 - utils - INFO - 临时配置创建完成: C:\Users\Administrator\AppData\Local\Temp\sd_temp_onk18274
2025-06-08 11:44:47,399 - utils - INFO - SafeTensors直接加载失败: Error no file named config.json found in directory C:\Users\Administrator\AppData\Local\Temp\sd_temp...
2025-06-08 11:44:47,399 - utils - INFO - 尝试使用预设配置加载SafeTensors...
2025-06-08 11:44:47,399 - utils - INFO - 尝试使用stabilityai/stable-diffusion-3.5-large的配置...
2025-06-08 11:44:47,399 - utils - INFO - 尝试使用stabilityai/stable-diffusion-xl-base-1.0的配置...
2025-06-08 11:44:47,400 - utils - INFO - 尝试使用runwayml/stable-diffusion-v1-5的配置...
2025-06-08 11:47:05,757 - utils - INFO - 正在检测设备...
2025-06-08 11:47:05,757 - utils - INFO - 使用设备: cpu
2025-06-08 11:47:05,758 - utils - INFO - 正在检查模型: C:/Users/Administrator/.sd_generator/models/stable-diffusion-3.5-fp8
2025-06-08 11:47:05,758 - utils - INFO - 正在检测本地模型...
2025-06-08 11:47:05,758 - utils - INFO - 正在加载模型目录: stable-diffusion-3.5-fp8
2025-06-08 11:47:05,760 - utils - INFO - 发现1个SafeTensors文件
2025-06-08 11:47:05,760 - utils - INFO - 使用子目录: .git
2025-06-08 11:47:05,761 - utils - INFO - 初始化模型pipeline...
2025-06-08 11:47:05,770 - utils - INFO - 尝试使用Stable Diffusion 3加载...
2025-06-08 11:47:05,771 - utils - INFO - Stable Diffusion 3加载失败: Error no file named model_index.json found in directory C:\Users\Administrator\.sd_generator\models\...
2025-06-08 11:47:05,771 - utils - INFO - 尝试使用Stable Diffusion XL加载...
2025-06-08 11:47:05,771 - utils - INFO - Stable Diffusion XL加载失败: Error no file named model_index.json found in directory C:\Users\Administrator\.sd_generator\models\...
2025-06-08 11:47:05,771 - utils - INFO - 尝试使用Stable Diffusion 1.5/2.x加载...
2025-06-08 11:47:05,772 - utils - INFO - Stable Diffusion 1.5/2.x加载失败: Error no file named model_index.json found in directory C:\Users\Administrator\.sd_generator\models\...
2025-06-08 11:47:05,772 - utils - INFO - 所有pipeline加载失败，最后错误: Error no file named model_index.json found in directory C:\Users\Administrator\.sd_generator\models\stable-diffusion-3.5-fp8\.git.
2025-06-08 11:47:05,772 - utils - ERROR - 所有pipeline加载失败，最后错误: Error no file named model_index.json found in directory C:\Users\Administrator\.sd_generator\models\stable-diffusion-3.5-fp8\.git.
2025-06-08 14:47:29,064 - utils - INFO - 模型已卸载
2025-06-08 14:47:33,963 - utils - INFO - 正在检测设备...
2025-06-08 14:47:33,963 - utils - INFO - 使用设备: cpu
2025-06-08 14:47:33,963 - utils - INFO - 正在检查模型: C:/Users/Administrator/.sd_generator/models/stable-diffusion-3.5-fp8
2025-06-08 14:47:33,963 - utils - INFO - 正在检测本地模型...
2025-06-08 14:47:33,963 - utils - INFO - 正在加载模型目录: stable-diffusion-3.5-fp8
2025-06-08 14:47:33,965 - utils - INFO - 发现1个SafeTensors文件
2025-06-08 14:47:33,966 - utils - INFO - 使用子目录: .git
2025-06-08 14:47:33,966 - utils - INFO - 初始化模型pipeline...
2025-06-08 14:47:33,966 - utils - INFO - 尝试使用Stable Diffusion 3加载...
2025-06-08 14:47:33,966 - utils - INFO - Stable Diffusion 3加载失败: Error no file named model_index.json found in directory C:\Users\Administrator\.sd_generator\models\...
2025-06-08 14:47:33,967 - utils - INFO - 尝试使用Stable Diffusion XL加载...
2025-06-08 14:47:33,967 - utils - INFO - Stable Diffusion XL加载失败: Error no file named model_index.json found in directory C:\Users\Administrator\.sd_generator\models\...
2025-06-08 14:47:33,967 - utils - INFO - 尝试使用Stable Diffusion 1.5/2.x加载...
2025-06-08 14:47:33,967 - utils - INFO - Stable Diffusion 1.5/2.x加载失败: Error no file named model_index.json found in directory C:\Users\Administrator\.sd_generator\models\...
2025-06-08 14:47:33,967 - utils - INFO - 所有pipeline加载失败，最后错误: Error no file named model_index.json found in directory C:\Users\Administrator\.sd_generator\models\stable-diffusion-3.5-fp8\.git.
2025-06-08 14:47:33,968 - utils - ERROR - 所有pipeline加载失败，最后错误: Error no file named model_index.json found in directory C:\Users\Administrator\.sd_generator\models\stable-diffusion-3.5-fp8\.git.
2025-06-08 14:47:52,270 - utils - INFO - 正在检测设备...
2025-06-08 14:47:52,270 - utils - INFO - 使用设备: cpu
2025-06-08 14:47:52,270 - utils - INFO - 正在检查模型: C:/Users/Administrator/.sd_generator/models/stable-diffusion-3.5-fp8
2025-06-08 14:47:52,270 - utils - INFO - 正在检测本地模型...
2025-06-08 14:47:52,271 - utils - INFO - 正在加载模型目录: stable-diffusion-3.5-fp8
2025-06-08 14:47:52,272 - utils - INFO - 发现1个SafeTensors文件
2025-06-08 14:47:52,273 - utils - INFO - 使用子目录: .git
2025-06-08 14:47:52,273 - utils - INFO - 初始化模型pipeline...
2025-06-08 14:47:52,273 - utils - INFO - 尝试使用Stable Diffusion 3加载...
2025-06-08 14:47:52,273 - utils - INFO - Stable Diffusion 3加载失败: Error no file named model_index.json found in directory C:\Users\Administrator\.sd_generator\models\...
2025-06-08 14:47:52,273 - utils - INFO - 尝试使用Stable Diffusion XL加载...
2025-06-08 14:47:52,274 - utils - INFO - Stable Diffusion XL加载失败: Error no file named model_index.json found in directory C:\Users\Administrator\.sd_generator\models\...
2025-06-08 14:47:52,274 - utils - INFO - 尝试使用Stable Diffusion 1.5/2.x加载...
2025-06-08 14:47:52,274 - utils - INFO - Stable Diffusion 1.5/2.x加载失败: Error no file named model_index.json found in directory C:\Users\Administrator\.sd_generator\models\...
2025-06-08 14:47:52,274 - utils - INFO - 所有pipeline加载失败，最后错误: Error no file named model_index.json found in directory C:\Users\Administrator\.sd_generator\models\stable-diffusion-3.5-fp8\.git.
2025-06-08 14:47:52,275 - utils - ERROR - 所有pipeline加载失败，最后错误: Error no file named model_index.json found in directory C:\Users\Administrator\.sd_generator\models\stable-diffusion-3.5-fp8\.git.
2025-06-08 14:56:16,651 - utils - INFO - 正在检测设备...
2025-06-08 14:56:16,652 - utils - INFO - 使用设备: cpu
2025-06-08 14:56:16,652 - utils - INFO - 正在检查模型: C:/Users/Administrator/.sd_generator/models/stable-diffusion-3.5-fp8
2025-06-08 14:56:16,652 - utils - INFO - 正在检测本地模型...
2025-06-08 14:56:16,652 - utils - INFO - 正在加载模型目录: stable-diffusion-3.5-fp8
2025-06-08 14:56:16,653 - utils - INFO - 发现1个SafeTensors文件
2025-06-08 14:56:16,653 - utils - INFO - 检测到ComfyUI格式模型，尝试创建配置...
2025-06-08 14:56:16,653 - utils - INFO - 检测到ComfyUI格式模型，已有配置文件
2025-06-08 14:56:16,653 - utils - INFO - 初始化模型pipeline...
2025-06-08 14:56:16,661 - utils - INFO - 尝试使用Stable Diffusion 3加载...
2025-06-08 14:56:16,661 - utils - INFO - Stable Diffusion 3加载失败: Error no file named model_index.json found in directory C:\Users\Administrator\.sd_generator\models\...
2025-06-08 14:56:16,661 - utils - INFO - 尝试使用Stable Diffusion XL加载...
2025-06-08 14:56:16,662 - utils - INFO - Stable Diffusion XL加载失败: Error no file named model_index.json found in directory C:\Users\Administrator\.sd_generator\models\...
2025-06-08 14:56:16,662 - utils - INFO - 尝试使用Stable Diffusion 1.5/2.x加载...
2025-06-08 14:56:16,662 - utils - INFO - Stable Diffusion 1.5/2.x加载失败: Error no file named model_index.json found in directory C:\Users\Administrator\.sd_generator\models\...
2025-06-08 14:56:16,662 - utils - INFO - 所有pipeline加载失败，最后错误: Error no file named model_index.json found in directory C:\Users\Administrator\.sd_generator\models\stable-diffusion-3.5-fp8.
2025-06-08 14:56:16,663 - utils - ERROR - 所有pipeline加载失败，最后错误: Error no file named model_index.json found in directory C:\Users\Administrator\.sd_generator\models\stable-diffusion-3.5-fp8.
2025-06-08 14:57:55,002 - utils - INFO - 正在检测设备...
2025-06-08 14:57:55,002 - utils - INFO - 使用设备: cpu
2025-06-08 14:57:55,003 - utils - INFO - 正在检查模型: C:/Users/Administrator/.sd_generator/models/stable-diffusion-3.5-fp8
2025-06-08 14:57:55,003 - utils - INFO - 正在检测本地模型...
2025-06-08 14:57:55,003 - utils - INFO - 正在加载模型目录: stable-diffusion-3.5-fp8
2025-06-08 14:57:55,003 - utils - INFO - 发现1个SafeTensors文件
2025-06-08 14:57:55,003 - utils - INFO - 发现配置文件: model_index.json
2025-06-08 14:57:55,003 - utils - INFO - 初始化模型pipeline...
2025-06-08 14:57:55,008 - utils - INFO - 尝试使用Stable Diffusion 3加载...
2025-06-08 14:57:55,019 - utils - INFO - Stable Diffusion 3加载失败: expected str, bytes or os.PathLike object, not NoneType...
2025-06-08 14:57:55,019 - utils - INFO - 尝试使用Stable Diffusion XL加载...
2025-06-08 14:57:55,022 - utils - INFO - Stable Diffusion XL加载失败: expected str, bytes or os.PathLike object, not NoneType...
2025-06-08 14:57:55,022 - utils - INFO - 尝试使用Stable Diffusion 1.5/2.x加载...
2025-06-08 14:57:55,025 - utils - INFO - Stable Diffusion 1.5/2.x加载失败: expected str, bytes or os.PathLike object, not NoneType...
2025-06-08 14:57:55,026 - utils - INFO - 所有pipeline加载失败，最后错误: expected str, bytes or os.PathLike object, not NoneType
2025-06-08 14:57:55,026 - utils - ERROR - 所有pipeline加载失败，最后错误: expected str, bytes or os.PathLike object, not NoneType
2025-06-08 14:59:17,861 - utils - INFO - 正在检测设备...
2025-06-08 14:59:17,861 - utils - INFO - 使用设备: cpu
2025-06-08 14:59:17,862 - utils - INFO - 正在检查模型: C:/Users/Administrator/.sd_generator/models/stable-diffusion-3.5-fp8
2025-06-08 14:59:17,862 - utils - INFO - 正在检测本地模型...
2025-06-08 14:59:17,862 - utils - INFO - 正在加载模型目录: stable-diffusion-3.5-fp8
2025-06-08 14:59:17,862 - utils - INFO - 发现配置文件: model_index.json
2025-06-08 14:59:17,863 - utils - INFO - 初始化模型pipeline...
2025-06-08 14:59:17,868 - utils - INFO - 尝试使用Stable Diffusion 3加载...
2025-06-08 14:59:17,869 - utils - INFO - Stable Diffusion 3加载失败: 'NoneType' object is not subscriptable...
2025-06-08 14:59:17,869 - utils - INFO - 尝试使用Stable Diffusion XL加载...
2025-06-08 14:59:17,870 - utils - INFO - Stable Diffusion XL加载失败: 'NoneType' object is not subscriptable...
2025-06-08 14:59:17,870 - utils - INFO - 尝试使用Stable Diffusion 1.5/2.x加载...
2025-06-08 14:59:17,877 - utils - INFO - Stable Diffusion 1.5/2.x加载失败: Error no file named model.safetensors found in directory C:\Users\Administrator\.sd_generator\models...
2025-06-08 14:59:17,877 - utils - INFO - 所有pipeline加载失败，最后错误: Error no file named model.safetensors found in directory C:\Users\Administrator\.sd_generator\models\stable-diffusion-3.5-fp8\text_encoder.
2025-06-08 14:59:17,877 - utils - ERROR - 所有pipeline加载失败，最后错误: Error no file named model.safetensors found in directory C:\Users\Administrator\.sd_generator\models\stable-diffusion-3.5-fp8\text_encoder.
2025-06-08 14:59:34,354 - utils - INFO - 正在检测设备...
2025-06-08 14:59:34,354 - utils - INFO - 使用设备: cpu
2025-06-08 14:59:34,354 - utils - INFO - 正在检查模型: C:/Users/Administrator/.sd_generator/models/stable-diffusion-3.5-fp8
2025-06-08 14:59:34,354 - utils - INFO - 正在检测本地模型...
2025-06-08 14:59:34,355 - utils - INFO - 正在加载模型目录: stable-diffusion-3.5-fp8
2025-06-08 14:59:34,355 - utils - INFO - 发现配置文件: model_index.json
2025-06-08 14:59:34,355 - utils - INFO - 初始化模型pipeline...
2025-06-08 14:59:34,361 - utils - INFO - 尝试使用Stable Diffusion 3加载...
2025-06-08 14:59:34,362 - utils - INFO - Stable Diffusion 3加载失败: 'NoneType' object is not subscriptable...
2025-06-08 14:59:34,362 - utils - INFO - 尝试使用Stable Diffusion XL加载...
2025-06-08 14:59:34,363 - utils - INFO - Stable Diffusion XL加载失败: 'NoneType' object is not subscriptable...
2025-06-08 14:59:34,363 - utils - INFO - 尝试使用Stable Diffusion 1.5/2.x加载...
2025-06-08 14:59:34,608 - utils - INFO - Stable Diffusion 1.5/2.x加载失败: expected str, bytes or os.PathLike object, not NoneType...
2025-06-08 14:59:34,608 - utils - INFO - 所有pipeline加载失败，最后错误: expected str, bytes or os.PathLike object, not NoneType
2025-06-08 14:59:34,608 - utils - ERROR - 所有pipeline加载失败，最后错误: expected str, bytes or os.PathLike object, not NoneType
2025-06-08 15:00:43,960 - utils - INFO - 正在检测设备...
2025-06-08 15:00:43,960 - utils - INFO - 使用设备: cpu
2025-06-08 15:00:43,960 - utils - INFO - 正在检查模型: C:/Users/Administrator/.sd_generator/models/stable-diffusion-3.5-fp8
2025-06-08 15:00:43,961 - utils - INFO - 正在检测本地模型...
2025-06-08 15:00:43,961 - utils - INFO - 正在加载模型目录: stable-diffusion-3.5-fp8
2025-06-08 15:00:43,962 - utils - INFO - 发现配置文件: model_index.json
2025-06-08 15:00:43,962 - utils - INFO - 初始化模型pipeline...
2025-06-08 15:00:43,970 - utils - INFO - 尝试使用Stable Diffusion 3加载...
2025-06-08 15:00:43,973 - utils - INFO - Stable Diffusion 3加载失败: Error no file named diffusion_pytorch_model.safetensors found in directory C:\Users\Administrator\.s...
2025-06-08 15:00:43,973 - utils - INFO - 尝试使用Stable Diffusion XL加载...
2025-06-08 15:00:43,976 - utils - INFO - Stable Diffusion XL加载失败: Error no file named diffusion_pytorch_model.safetensors found in directory C:\Users\Administrator\.s...
2025-06-08 15:00:43,976 - utils - INFO - 尝试使用Stable Diffusion 1.5/2.x加载...
2025-06-08 15:00:43,978 - utils - INFO - Stable Diffusion 1.5/2.x加载失败: Error no file named diffusion_pytorch_model.safetensors found in directory C:\Users\Administrator\.s...
2025-06-08 15:00:43,978 - utils - INFO - 所有pipeline加载失败，最后错误: Error no file named diffusion_pytorch_model.safetensors found in directory C:\Users\Administrator\.sd_generator\models\stable-diffusion-3.5-fp8\vae.
2025-06-08 15:00:43,978 - utils - ERROR - 所有pipeline加载失败，最后错误: Error no file named diffusion_pytorch_model.safetensors found in directory C:\Users\Administrator\.sd_generator\models\stable-diffusion-3.5-fp8\vae.
2025-06-08 15:02:12,149 - utils - INFO - 正在检测设备...
2025-06-08 15:02:12,151 - utils - INFO - 使用设备: cpu
2025-06-08 15:02:12,152 - utils - INFO - 正在检查模型: C:/Users/Administrator/.sd_generator/models/stable-diffusion-3.5-fp8
2025-06-08 15:02:12,152 - utils - INFO - 正在检测本地模型...
2025-06-08 15:02:12,152 - utils - INFO - 正在加载模型目录: stable-diffusion-3.5-fp8
2025-06-08 15:02:12,154 - utils - INFO - 发现配置文件: model_index.json
2025-06-08 15:02:12,154 - utils - INFO - 初始化模型pipeline...
2025-06-08 15:02:12,160 - utils - INFO - 尝试使用Stable Diffusion 3加载...
2025-06-08 15:02:12,411 - utils - INFO - Stable Diffusion 3加载失败: Error no file named diffusion_pytorch_model.safetensors found in directory C:\Users\Administrator\.s...
2025-06-08 15:02:12,411 - utils - INFO - 尝试使用Stable Diffusion XL加载...
2025-06-08 15:02:12,413 - utils - INFO - Stable Diffusion XL加载失败: At the moment it is not possible to define the number of attention heads via `num_attention_heads` b...
2025-06-08 15:02:12,413 - utils - INFO - 尝试使用Stable Diffusion 1.5/2.x加载...
2025-06-08 15:02:12,415 - utils - INFO - Stable Diffusion 1.5/2.x加载失败: At the moment it is not possible to define the number of attention heads via `num_attention_heads` b...
2025-06-08 15:02:12,415 - utils - INFO - 所有pipeline加载失败，最后错误: At the moment it is not possible to define the number of attention heads via `num_attention_heads` because of a naming issue as described in https://github.com/huggingface/diffusers/issues/2011#issuecomment-1547958131. Passing `num_attention_heads` will only be supported in diffusers v0.19.
2025-06-08 15:02:12,416 - utils - ERROR - 所有pipeline加载失败，最后错误: At the moment it is not possible to define the number of attention heads via `num_attention_heads` because of a naming issue as described in https://github.com/huggingface/diffusers/issues/2011#issuecomment-1547958131. Passing `num_attention_heads` will only be supported in diffusers v0.19.
2025-06-08 15:03:28,707 - utils - INFO - 正在检测设备...
2025-06-08 15:03:28,708 - utils - INFO - 使用设备: cpu
2025-06-08 15:03:28,709 - utils - INFO - 正在检查模型: E:/workspace/test/sd/models/stable-diffusion-3.5-fp8
2025-06-08 15:03:28,709 - utils - INFO - 正在检测本地模型...
2025-06-08 15:03:28,709 - utils - INFO - 正在加载模型目录: stable-diffusion-3.5-fp8
2025-06-08 15:03:28,710 - utils - INFO - 发现配置文件: model_index.json
2025-06-08 15:03:28,710 - utils - INFO - 初始化模型pipeline...
2025-06-08 15:03:28,716 - utils - INFO - 尝试使用Stable Diffusion 3加载...
2025-06-08 15:03:29,091 - utils - INFO - Stable Diffusion 3加载失败: 
T5Tokenizer requires the SentencePiece library but it was not found in your environment. Checkout t...
2025-06-08 15:03:29,091 - utils - INFO - 尝试使用Stable Diffusion XL加载...
2025-06-08 15:03:29,096 - utils - INFO - Stable Diffusion XL加载失败: expected str, bytes or os.PathLike object, not NoneType...
2025-06-08 15:03:29,097 - utils - INFO - 尝试使用Stable Diffusion 1.5/2.x加载...
2025-06-08 15:03:29,098 - utils - INFO - Stable Diffusion 1.5/2.x加载失败: expected str, bytes or os.PathLike object, not NoneType...
2025-06-08 15:03:29,098 - utils - INFO - 所有pipeline加载失败，最后错误: expected str, bytes or os.PathLike object, not NoneType
2025-06-08 15:03:29,099 - utils - ERROR - 所有pipeline加载失败，最后错误: expected str, bytes or os.PathLike object, not NoneType
2025-06-08 15:03:44,605 - utils - INFO - 正在检测设备...
2025-06-08 15:03:44,605 - utils - INFO - 使用设备: cpu
2025-06-08 15:03:44,606 - utils - INFO - 正在检查模型: stabilityai/stable-diffusion-3.5-large
2025-06-08 15:03:44,606 - utils - INFO - 模型 stabilityai/stable-diffusion-3.5-large 未找到，且自动下载已禁用
2025-06-08 15:03:44,606 - utils - ERROR - 模型 stabilityai/stable-diffusion-3.5-large 未找到，且自动下载已禁用
2025-06-08 15:04:22,284 - utils - INFO - 正在检测设备...
2025-06-08 15:04:22,285 - utils - INFO - 使用设备: cpu
2025-06-08 15:04:22,285 - utils - INFO - 正在检查模型: stabilityai/stable-diffusion-3.5-large
2025-06-08 15:04:22,285 - utils - INFO - 模型 stabilityai/stable-diffusion-3.5-large 未找到，且自动下载已禁用
2025-06-08 15:04:22,285 - utils - ERROR - 模型 stabilityai/stable-diffusion-3.5-large 未找到，且自动下载已禁用
2025-06-08 15:04:34,769 - utils - INFO - 正在检测设备...
2025-06-08 15:04:34,769 - utils - INFO - 使用设备: cpu
2025-06-08 15:04:34,769 - utils - INFO - 正在检查模型: stabilityai/stable-diffusion-3.5-large
2025-06-08 15:04:34,769 - utils - INFO - 模型 stabilityai/stable-diffusion-3.5-large 未找到，且自动下载已禁用
2025-06-08 15:04:34,769 - utils - ERROR - 模型 stabilityai/stable-diffusion-3.5-large 未找到，且自动下载已禁用
2025-06-08 15:13:29,823 - utils - INFO - 正在检测设备...
2025-06-08 15:13:29,823 - utils - INFO - 使用设备: cpu
2025-06-08 15:13:29,823 - utils - INFO - 正在检查模型: stable-diffusion-v1-5/stable-diffusion-v1-5
2025-06-08 15:13:29,824 - utils - INFO - 模型 stable-diffusion-v1-5/stable-diffusion-v1-5 未找到，且自动下载已禁用
2025-06-08 15:13:29,824 - utils - ERROR - 模型 stable-diffusion-v1-5/stable-diffusion-v1-5 未找到，且自动下载已禁用
2025-06-08 15:21:07,335 - utils - INFO - 正在检测设备...
2025-06-08 15:21:07,336 - utils - INFO - 使用设备: cpu
2025-06-08 15:21:07,338 - utils - INFO - 正在检查模型: stable-diffusion-v1-5/stable-diffusion-v1-5
2025-06-08 15:21:07,338 - utils - INFO - 正在检查网络连接...
2025-06-08 15:21:07,338 - utils - INFO - 使用代理: http://127.0.0.1:7890
2025-06-08 15:21:07,650 - utils - INFO - 开始下载模型: stable-diffusion-v1-5/stable-diffusion-v1-5
2025-06-08 15:21:07,651 - utils - INFO - 注意: 首次下载可能需要较长时间（模型约4-5GB）
2025-06-08 15:21:07,651 - utils - INFO - 设置下载代理: http://127.0.0.1:7890
2025-06-08 15:21:42,043 - utils - INFO - 正在检测设备...
2025-06-08 15:21:42,043 - utils - INFO - 使用设备: cpu
2025-06-08 15:21:42,047 - utils - INFO - 正在检查模型: stable-diffusion-v1-5/stable-diffusion-v1-5
2025-06-08 15:21:42,048 - utils - INFO - 正在检查网络连接...
2025-06-08 15:21:42,048 - utils - INFO - 使用代理: http://127.0.0.1:7890
2025-06-08 15:21:42,290 - utils - INFO - 开始下载模型: stable-diffusion-v1-5/stable-diffusion-v1-5
2025-06-08 15:21:42,290 - utils - INFO - 注意: 首次下载可能需要较长时间（模型约4-5GB）
2025-06-08 15:21:42,290 - utils - INFO - 设置下载代理: http://127.0.0.1:7890
2025-06-08 15:24:56,692 - utils - INFO - 模型下载完成
2025-06-08 15:24:56,711 - utils - INFO - 模型加载完成
2025-06-08 15:25:47,953 - utils - INFO - 开始生成图片 (种子: 4158485399)
2025-06-08 15:25:50,773 - utils - INFO - 图片生成失败: progress_callback() takes 3 positional arguments but 4 were given
2025-06-08 15:25:50,773 - utils - ERROR - 图片生成失败: progress_callback() takes 3 positional arguments but 4 were given
2025-06-08 19:07:13,758 - utils - INFO - 模型已卸载
2025-06-08 19:07:36,954 - utils - INFO - 模型已卸载
2025-06-09 14:49:26,925 - utils - INFO - 正在检测设备...
2025-06-09 14:49:26,926 - utils - INFO - 使用设备: cpu
2025-06-09 14:49:26,926 - utils - INFO - 正在检查模型: stable-diffusion-v1-5/stable-diffusion-v1-5
2025-06-09 14:49:26,926 - utils - INFO - 正在检查网络连接...
2025-06-09 14:49:26,927 - utils - INFO - 使用代理: http://127.0.0.1:7890
2025-06-09 14:49:31,984 - utils - INFO - 网络连接检查失败: ('Connection aborted.', ConnectionResetError(10054, '远程主机强迫关闭了一个现有的连接。', None, 10054, None))
2025-06-09 14:49:31,985 - utils - INFO - 网络连接失败，请检查网络设置
2025-06-09 14:49:37,238 - utils - INFO - 正在检测设备...
2025-06-09 14:49:37,238 - utils - INFO - 使用设备: cpu
2025-06-09 14:49:37,238 - utils - INFO - 正在检查模型: stable-diffusion-v1-5/stable-diffusion-v1-5
2025-06-09 14:49:37,238 - utils - INFO - 正在检查网络连接...
2025-06-09 14:49:37,238 - utils - INFO - 使用代理: http://127.0.0.1:7890
2025-06-09 14:49:42,241 - utils - INFO - 网络连接检查失败: ('Connection aborted.', ConnectionResetError(10054, '远程主机强迫关闭了一个现有的连接。', None, 10054, None))
2025-06-09 14:49:42,242 - utils - INFO - 网络连接失败，请检查网络设置
2025-06-09 14:50:01,895 - utils - INFO - 正在检测设备...
2025-06-09 14:50:01,895 - utils - INFO - 使用设备: cpu
2025-06-09 14:50:01,895 - utils - INFO - 正在检查模型: stable-diffusion-v1-5/stable-diffusion-v1-5
2025-06-09 14:50:01,896 - utils - INFO - 正在检查网络连接...
2025-06-09 14:50:01,896 - utils - INFO - 使用代理: http://127.0.0.1:7890
2025-06-09 14:50:02,198 - utils - INFO - 开始下载模型: stable-diffusion-v1-5/stable-diffusion-v1-5
2025-06-09 14:50:02,198 - utils - INFO - 注意: 首次下载可能需要较长时间（模型约4-5GB）
2025-06-09 14:50:02,198 - utils - INFO - 设置下载代理: http://127.0.0.1:7890
2025-06-09 14:50:03,255 - utils - INFO - 模型下载完成
2025-06-09 14:50:03,273 - utils - INFO - 模型加载完成
2025-06-09 14:50:11,377 - utils - INFO - 开始生成图片 (种子: 3429492207)
2025-06-09 14:50:16,006 - utils - INFO - 图片生成失败: progress_callback() takes 3 positional arguments but 4 were given
2025-06-09 14:50:16,006 - utils - ERROR - 图片生成失败: progress_callback() takes 3 positional arguments but 4 were given
2025-06-09 15:07:31,954 - utils - INFO - 模型 stabilityai/stable-diffusion-3.5-large 已加载，跳过重复加载
2025-06-09 15:07:31,956 - utils - INFO - 使用代理: http://127.0.0.1:7890
2025-06-09 15:07:32,250 - utils - INFO - 模型已卸载
2025-06-09 15:10:24,469 - utils - INFO - 模型已卸载
2025-06-09 15:10:25,613 - utils - INFO - 模型已卸载
2025-06-09 15:10:27,758 - utils - INFO - 正在检测设备...
2025-06-09 15:10:27,759 - utils - INFO - 使用设备: cpu
2025-06-09 15:10:27,759 - utils - INFO - 正在检查模型: stable-diffusion-v1-5/stable-diffusion-v1-5
2025-06-09 15:10:27,763 - utils - INFO - 正在检查网络连接...
2025-06-09 15:10:27,764 - utils - INFO - 使用代理: http://127.0.0.1:7890
2025-06-09 15:10:28,008 - utils - INFO - 开始下载模型: stable-diffusion-v1-5/stable-diffusion-v1-5
2025-06-09 15:10:28,008 - utils - INFO - 注意: 首次下载可能需要较长时间（模型约4-5GB）
2025-06-09 15:10:28,008 - utils - INFO - 设置下载代理: http://127.0.0.1:7890
2025-06-09 15:10:28,975 - utils - INFO - 模型下载完成
2025-06-09 15:10:28,991 - utils - INFO - 使用CPU模式
2025-06-09 15:10:28,991 - utils - INFO - 模型加载完成
2025-06-09 15:10:34,615 - utils - INFO - 开始生成图片 (种子: 2027947335)
2025-06-09 15:10:39,527 - utils - INFO - 图片生成失败: unsupported operand type(s) for %: 'int' and 'NoneType'
2025-06-09 15:10:39,528 - utils - ERROR - 图片生成失败: unsupported operand type(s) for %: 'int' and 'NoneType'
2025-06-09 15:18:16,246 - utils - INFO - 正在检测设备...
2025-06-09 15:18:16,246 - utils - INFO - 使用设备: cpu
2025-06-09 15:18:16,247 - utils - INFO - 正在检查模型: stable-diffusion-v1-5/stable-diffusion-v1-5
2025-06-09 15:18:16,247 - utils - INFO - 正在检查网络连接...
2025-06-09 15:18:16,247 - utils - INFO - 使用代理: http://127.0.0.1:7890
2025-06-09 15:18:16,491 - utils - INFO - 开始下载模型: stable-diffusion-v1-5/stable-diffusion-v1-5
2025-06-09 15:18:16,492 - utils - INFO - 注意: 首次下载可能需要较长时间（模型约4-5GB）
2025-06-09 15:18:16,492 - utils - INFO - 设置下载代理: http://127.0.0.1:7890
2025-06-09 15:18:17,623 - utils - INFO - 模型下载完成
2025-06-09 15:18:17,642 - utils - INFO - 使用CPU模式
2025-06-09 15:18:17,642 - utils - INFO - 模型加载完成
2025-06-09 15:18:17,643 - utils - INFO - 开始生成图片 (种子: 42)
2025-06-09 15:18:25,350 - utils - INFO - 图片生成失败: unsupported operand type(s) for %: 'int' and 'NoneType'
2025-06-09 15:18:25,350 - utils - ERROR - 图片生成失败: unsupported operand type(s) for %: 'int' and 'NoneType'
2025-06-09 15:18:25,436 - utils - INFO - 模型已卸载
2025-06-09 15:20:52,210 - utils - INFO - 正在检测设备...
2025-06-09 15:20:52,210 - utils - INFO - 使用设备: cpu
2025-06-09 15:20:52,211 - utils - INFO - 正在检查模型: stable-diffusion-v1-5/stable-diffusion-v1-5
2025-06-09 15:20:52,211 - utils - INFO - 正在检查网络连接...
2025-06-09 15:20:52,211 - utils - INFO - 使用代理: http://127.0.0.1:7890
2025-06-09 15:20:52,424 - utils - INFO - 开始下载模型: stable-diffusion-v1-5/stable-diffusion-v1-5
2025-06-09 15:20:52,424 - utils - INFO - 注意: 首次下载可能需要较长时间（模型约4-5GB）
2025-06-09 15:20:52,425 - utils - INFO - 设置下载代理: http://127.0.0.1:7890
2025-06-09 15:20:53,483 - utils - INFO - 模型下载完成
2025-06-09 15:20:53,500 - utils - INFO - 使用CPU模式
2025-06-09 15:20:53,501 - utils - INFO - 模型加载完成
2025-06-09 15:20:53,501 - utils - INFO - 开始生成图片 (种子: 42)
2025-06-09 15:21:21,060 - utils - INFO - 图片生成完成 (耗时: 27.56秒)
2025-06-09 15:21:21,281 - utils - INFO - 模型已卸载
2025-06-09 15:22:20,410 - utils - INFO - 模型已卸载
2025-06-09 15:25:52,553 - utils - INFO - 正在检测设备...
2025-06-09 15:25:52,554 - utils - INFO - 使用设备: cpu
2025-06-09 15:25:52,554 - utils - INFO - 正在检查模型: stable-diffusion-v1-5/stable-diffusion-v1-5
2025-06-09 15:25:52,555 - utils - INFO - 正在检查网络连接...
2025-06-09 15:25:52,557 - utils - INFO - 使用代理: http://127.0.0.1:7890
2025-06-09 15:25:52,818 - utils - INFO - 开始下载模型: stable-diffusion-v1-5/stable-diffusion-v1-5
2025-06-09 15:25:52,818 - utils - INFO - 注意: 首次下载可能需要较长时间（模型约4-5GB）
2025-06-09 15:25:52,818 - utils - INFO - 设置下载代理: http://127.0.0.1:7890
2025-06-09 15:25:54,018 - utils - INFO - 模型下载完成
2025-06-09 15:25:54,033 - utils - INFO - 使用CPU模式
2025-06-09 15:25:54,034 - utils - INFO - 模型加载完成
2025-06-09 15:26:05,353 - utils - INFO - 开始生成图片 (种子: 4082732176)
2025-06-09 15:26:55,779 - utils - INFO - 图片生成完成 (耗时: 50.43秒)
2025-06-09 15:35:35,147 - utils - INFO - 正在检测设备...
2025-06-09 15:35:35,148 - utils - INFO - 使用设备: cpu
2025-06-09 15:35:35,148 - utils - INFO - 正在检查模型: stable-diffusion-v1-5/stable-diffusion-v1-5
2025-06-09 15:35:35,148 - utils - INFO - 正在检查网络连接...
2025-06-09 15:35:35,148 - utils - INFO - 使用代理: http://127.0.0.1:7890
2025-06-09 15:35:35,348 - utils - INFO - 开始下载模型: stable-diffusion-v1-5/stable-diffusion-v1-5
2025-06-09 15:35:35,348 - utils - INFO - 注意: 首次下载可能需要较长时间（模型约4-5GB）
2025-06-09 15:35:35,348 - utils - INFO - 设置下载代理: http://127.0.0.1:7890
2025-06-09 15:35:36,333 - utils - INFO - 模型下载完成
2025-06-09 15:35:36,348 - utils - INFO - 使用CPU模式
2025-06-09 15:35:36,348 - utils - INFO - 模型加载完成
2025-06-09 15:35:36,349 - utils - INFO - 开始生成图片 (种子: 1145828423)
2025-06-09 15:36:28,431 - utils - INFO - 图片生成完成 (耗时: 52.08秒)
2025-06-09 15:37:59,666 - utils - INFO - 开始生成图片 (种子: 1426261095)
2025-06-09 15:38:52,666 - utils - INFO - 图片生成完成 (耗时: 53.00秒)
2025-06-09 15:45:51,264 - utils - INFO - PyTorch未安装: No module named 'torch'
2025-06-09 15:45:51,264 - utils - ERROR - PyTorch导入失败: No module named 'torch'
2025-06-09 15:48:33,983 - utils - INFO - 成功获取剪贴板实例。
2025-06-09 15:48:52,615 - utils - INFO - 正在检测设备...
2025-06-09 15:48:52,647 - utils - INFO - 使用设备: cuda
2025-06-09 15:48:52,647 - utils - INFO - 应用CUDA优化设置...
2025-06-09 15:48:52,647 - utils - INFO -   attention_slicing: False
2025-06-09 15:48:52,647 - utils - INFO -   cpu_offload: False
2025-06-09 15:48:52,648 - utils - INFO -   low_vram_mode: False
2025-06-09 15:48:52,648 - utils - INFO -   use_fp16: False
2025-06-09 15:48:52,648 - utils - INFO -   use_bf16: True
2025-06-09 15:48:52,648 - utils - INFO -   sequential_cpu_offload: False
2025-06-09 15:48:52,648 - utils - INFO - GPU: NVIDIA GeForce RTX 4080 SUPER
2025-06-09 15:48:52,648 - utils - INFO - GPU内存: 16.0 GB
2025-06-09 15:48:52,648 - utils - INFO - 准备加载模型: stable-diffusion-v1-5/stable-diffusion-v1-5
2025-06-09 15:48:52,648 - utils - INFO - 正在检查网络连接...
2025-06-09 15:48:52,648 - utils - INFO - 使用代理: http://127.0.0.1:7890
2025-06-09 15:48:52,990 - utils - INFO - 开始下载模型: stable-diffusion-v1-5/stable-diffusion-v1-5
2025-06-09 15:48:52,990 - utils - INFO - 注意: 首次下载可能需要较长时间（模型约4-5GB）
2025-06-09 15:48:52,990 - utils - INFO - 设置下载代理: http://127.0.0.1:7890
2025-06-09 15:48:58,943 - utils - INFO - 模型下载完成
2025-06-09 15:48:58,943 - utils - INFO - 正在初始化和加载模型...
2025-06-09 15:48:59,173 - utils - INFO - 模型加载失败: Pipeline <class 'diffusers.pipelines.stable_diffusion_3.pipeline_stable_diffusion_3.StableDiffusion3Pipeline'> expected ['feature_extractor', 'image_encoder', 'scheduler', 'text_encoder', 'text_encoder_2', 'text_encoder_3', 'tokenizer', 'tokenizer_2', 'tokenizer_3', 'transformer', 'vae'], but only {'scheduler', 'feature_extractor', 'text_encoder', 'tokenizer', 'vae'} were passed.
2025-06-09 15:48:59,173 - utils - ERROR - 模型加载异常: Pipeline <class 'diffusers.pipelines.stable_diffusion_3.pipeline_stable_diffusion_3.StableDiffusion3Pipeline'> expected ['feature_extractor', 'image_encoder', 'scheduler', 'text_encoder', 'text_encoder_2', 'text_encoder_3', 'tokenizer', 'tokenizer_2', 'tokenizer_3', 'transformer', 'vae'], but only {'scheduler', 'feature_extractor', 'text_encoder', 'tokenizer', 'vae'} were passed.
Traceback (most recent call last):
  File "E:\workspace\test\sd\.\sd_generator.py", line 641, in load_model
    self.pipeline = StableDiffusion3Pipeline.from_pretrained(
  File "E:\Program Files\Python38\lib\site-packages\huggingface_hub\utils\_validators.py", line 114, in _inner_fn
    return fn(*args, **kwargs)
  File "E:\Program Files\Python38\lib\site-packages\diffusers\pipelines\pipeline_utils.py", line 1010, in from_pretrained
    raise ValueError(
ValueError: Pipeline <class 'diffusers.pipelines.stable_diffusion_3.pipeline_stable_diffusion_3.StableDiffusion3Pipeline'> expected ['feature_extractor', 'image_encoder', 'scheduler', 'text_encoder', 'text_encoder_2', 'text_encoder_3', 'tokenizer', 'tokenizer_2', 'tokenizer_3', 'transformer', 'vae'], but only {'scheduler', 'feature_extractor', 'text_encoder', 'tokenizer', 'vae'} were passed.
2025-06-09 15:48:59,228 - utils - INFO - 模型已卸载
2025-06-09 15:51:55,960 - utils - INFO - 模型已卸载
2025-06-09 15:52:00,595 - utils - INFO - 成功获取剪贴板实例。
2025-06-09 15:52:08,078 - utils - INFO - 正在检测设备...
2025-06-09 15:52:08,110 - utils - INFO - 使用设备: cuda
2025-06-09 15:52:08,110 - utils - INFO - 应用CUDA优化设置...
2025-06-09 15:52:08,110 - utils - INFO -   attention_slicing: False
2025-06-09 15:52:08,111 - utils - INFO -   cpu_offload: False
2025-06-09 15:52:08,111 - utils - INFO -   low_vram_mode: False
2025-06-09 15:52:08,111 - utils - INFO -   use_fp16: False
2025-06-09 15:52:08,111 - utils - INFO -   use_bf16: True
2025-06-09 15:52:08,111 - utils - INFO -   sequential_cpu_offload: False
2025-06-09 15:52:08,111 - utils - INFO - GPU: NVIDIA GeForce RTX 4080 SUPER
2025-06-09 15:52:08,112 - utils - INFO - GPU内存: 16.0 GB
2025-06-09 15:52:08,112 - utils - INFO - 准备加载模型: stable-diffusion-v1-5/stable-diffusion-v1-5
2025-06-09 15:52:08,112 - utils - INFO - 正在检查网络连接...
2025-06-09 15:52:08,112 - utils - INFO - 使用代理: http://127.0.0.1:7890
2025-06-09 15:52:13,129 - utils - INFO - 网络连接检查失败: ('Connection aborted.', ConnectionResetError(10054, '远程主机强迫关闭了一个现有的连接。', None, 10054, None))
2025-06-09 15:52:13,129 - utils - INFO - 网络连接失败，请检查网络设置
2025-06-09 15:52:22,117 - utils - INFO - 正在检测设备...
2025-06-09 15:52:22,117 - utils - INFO - 使用设备: cuda
2025-06-09 15:52:22,118 - utils - INFO - 应用CUDA优化设置...
2025-06-09 15:52:22,118 - utils - INFO -   attention_slicing: False
2025-06-09 15:52:22,118 - utils - INFO -   cpu_offload: False
2025-06-09 15:52:22,118 - utils - INFO -   low_vram_mode: False
2025-06-09 15:52:22,118 - utils - INFO -   use_fp16: False
2025-06-09 15:52:22,118 - utils - INFO -   use_bf16: True
2025-06-09 15:52:22,118 - utils - INFO -   sequential_cpu_offload: False
2025-06-09 15:52:22,118 - utils - INFO - GPU: NVIDIA GeForce RTX 4080 SUPER
2025-06-09 15:52:22,118 - utils - INFO - GPU内存: 16.0 GB
2025-06-09 15:52:22,118 - utils - INFO - 准备加载模型: stable-diffusion-v1-5/stable-diffusion-v1-5
2025-06-09 15:52:22,118 - utils - INFO - 正在检查网络连接...
2025-06-09 15:52:22,119 - utils - INFO - 使用代理: http://127.0.0.1:7890
2025-06-09 15:52:22,475 - utils - INFO - 开始下载模型: stable-diffusion-v1-5/stable-diffusion-v1-5
2025-06-09 15:52:22,475 - utils - INFO - 注意: 首次下载可能需要较长时间（模型约4-5GB）
2025-06-09 15:52:22,475 - utils - INFO - 设置下载代理: http://127.0.0.1:7890
2025-06-09 15:52:24,163 - utils - INFO - 模型下载完成
2025-06-09 15:52:24,163 - utils - INFO - 正在初始化和加载模型...
2025-06-09 15:52:24,163 - utils - INFO - 尝试使用通用加载器...
2025-06-09 15:52:24,163 - utils - INFO - 推断为标准模型 (SD1.5/2.x)...
2025-06-09 15:52:28,961 - utils - INFO - xformers不可用或不受支持，跳过优化
2025-06-09 15:52:28,962 - utils - INFO - 模型加载完成
2025-06-09 15:52:28,976 - utils - INFO - 开始生成图片 (种子: 3077016532)
2025-06-09 15:52:28,976 - utils - INFO - 初始GPU内存使用: 2.6 GB
2025-06-09 15:52:28,976 - utils - INFO - 使用BFloat16精度生成
2025-06-09 15:52:31,802 - utils - INFO - 生成完成 (耗时: 2.82秒, GPU内存: 2.6 GB)
2025-06-09 15:53:00,989 - utils - INFO - 开始生成图片 (种子: 6735169)
2025-06-09 15:53:00,990 - utils - INFO - 初始GPU内存使用: 2.6 GB
2025-06-09 15:53:00,990 - utils - INFO - 使用BFloat16精度生成
2025-06-09 15:53:03,662 - utils - INFO - 生成完成 (耗时: 2.67秒, GPU内存: 2.6 GB)
2025-06-09 15:53:06,329 - utils - INFO - 开始生成图片 (种子: 3430352674)
2025-06-09 15:53:06,329 - utils - INFO - 初始GPU内存使用: 2.6 GB
2025-06-09 15:53:06,330 - utils - INFO - 使用BFloat16精度生成
2025-06-09 15:53:08,878 - utils - INFO - 生成完成 (耗时: 2.55秒, GPU内存: 2.6 GB)
2025-06-09 15:53:11,400 - utils - INFO - 开始生成图片 (种子: 3599886050)
2025-06-09 15:53:11,400 - utils - INFO - 初始GPU内存使用: 2.6 GB
2025-06-09 15:53:11,400 - utils - INFO - 使用BFloat16精度生成
2025-06-09 15:53:13,974 - utils - INFO - 生成完成 (耗时: 2.57秒, GPU内存: 2.6 GB)
2025-06-09 15:53:21,157 - utils - INFO - 开始生成图片 (种子: 1164789710)
2025-06-09 15:53:21,157 - utils - INFO - 初始GPU内存使用: 2.6 GB
2025-06-09 15:53:21,157 - utils - INFO - 使用BFloat16精度生成
2025-06-09 15:53:23,874 - utils - INFO - 生成完成 (耗时: 2.72秒, GPU内存: 2.6 GB)
2025-06-09 16:01:31,204 - utils - INFO - 成功获取剪贴板实例。
2025-06-09 16:01:54,418 - utils - INFO - 模型已卸载
2025-06-09 19:00:04,056 - utils - INFO - 成功获取剪贴板实例。
2025-06-09 20:00:30,409 - utils - INFO - 模型已卸载
2025-06-10 02:16:58,027 - annotation.auto_annotator - INFO - 成功加载检测模型: yolov8n.pt
2025-06-10 02:17:44,625 - utils - INFO - 成功获取剪贴板实例。
2025-06-10 02:17:44,810 - annotation.auto_annotator - INFO - 成功加载检测模型: yolov8n.pt
2025-06-10 02:20:08,357 - annotation.auto_annotator - INFO - 成功加载检测模型: yolov8n.pt
2025-06-10 10:59:23,913 - utils - INFO - 成功获取剪贴板实例。
2025-06-10 10:59:24,031 - annotation.auto_annotator - INFO - 成功加载检测模型: yolov8n.pt
2025-06-10 10:59:48,812 - military.target_generator - INFO - 开始批量生成1张军事目标图像...
2025-06-10 10:59:48,812 - military.target_generator - INFO - 生成tank图像...
2025-06-10 10:59:48,812 - utils - INFO - 模型未加载
2025-06-10 10:59:48,812 - military.target_generator - INFO - 生成tank图像失败
2025-06-10 10:59:48,812 - military.target_generator - INFO - 已生成 1/1 张图像
2025-06-10 10:59:48,812 - military.target_generator - INFO - 批量生成完成! 成功: 0/1 (0.0%), 耗时: 0.0秒
2025-06-10 11:06:00,423 - utils - INFO - 模型已卸载
